[2020-05-19 05:42:16] sql.INFO: [1.91] insert into `subscription` (`target_id`, `target_type`, `action`, `user_id`, `updated_at`, `created_at`) values ('1', 'order', 'settled', '1', '2020-05-19 05:42:16', '2020-05-19 05:42:16') [] []
[2020-05-19 05:43:42] sql.INFO: [2.47] insert into `subscription` (`target_id`, `target_type`, `action`, `user_id`, `updated_at`, `created_at`) values ('1', 'order', 'settled', '1', '2020-05-19 05:43:42', '2020-05-19 05:43:42') [] []
[2020-05-19 05:44:16] sql.INFO: [3.74] insert into `subscription` (`target_id`, `target_type`, `action`, `user_id`, `updated_at`, `created_at`) values ('1', 'order', 'settled', '1', '2020-05-19 05:44:16', '2020-05-19 05:44:16') [] []
[2020-05-19 05:44:16] sql.INFO: [0.88] insert into `notify` (`content`, `type`, `target_id`, `target_type`, `action`, `sender_id`, `sender_type`, `is_read`, `user_id`, `updated_at`, `created_at`) values ('用户1点赞了用户2的文章1', 'remind', '1', 'topic', 'like', '1', 'user', '0', '125', '2020-05-19 05:44:16', '2020-05-19 05:44:16') [] []
[2020-05-19 05:46:16] sql.INFO: [11] insert into `subscription` (`target_id`, `target_type`, `action`, `user_id`, `updated_at`, `created_at`) values ('1', 'order', 'settled', '1', '2020-05-19 05:46:15', '2020-05-19 05:46:15') [] []
[2020-05-19 05:46:16] sql.INFO: [3.54] insert into `notify` (`content`, `type`, `target_id`, `target_type`, `action`, `sender_id`, `sender_type`, `is_read`, `user_id`, `updated_at`, `created_at`) values ('用户1点赞了用户2的文章1', 'remind', '1', 'topic', 'like', '1', 'user', '0', '125', '2020-05-19 05:46:16', '2020-05-19 05:46:16') [] []
[2020-05-19 05:48:19] sql.INFO: [2.34] insert into `subscription` (`target_id`, `target_type`, `action`, `user_id`, `updated_at`, `created_at`) values ('1', 'order', 'settled', '1', '2020-05-19 05:48:19', '2020-05-19 05:48:19') [] []
[2020-05-19 05:48:19] sql.INFO: [1.29] insert into `notify` (`content`, `type`, `target_id`, `target_type`, `action`, `sender_id`, `sender_type`, `is_read`, `user_id`, `updated_at`, `created_at`) values ('用户1点赞了用户2的文章1', 'remind', '1', 'topic', 'like', '1', 'user', '0', '125', '2020-05-19 05:48:19', '2020-05-19 05:48:19') [] []
[2020-05-19 05:49:35] sql.INFO: [2.11] insert into `subscription` (`target_id`, `target_type`, `action`, `user_id`, `updated_at`, `created_at`) values ('1', 'order', 'settled', '1', '2020-05-19 05:49:35', '2020-05-19 05:49:35') [] []
[2020-05-19 05:49:35] sql.INFO: [4.03] insert into `notify` (`content`, `type`, `target_id`, `target_type`, `action`, `sender_id`, `sender_type`, `is_read`, `user_id`, `updated_at`, `created_at`) values ('用户1点赞了用户2的文章1', 'remind', '1', 'topic', 'like', '1', 'user', '0', '125', '2020-05-19 05:49:35', '2020-05-19 05:49:35') [] []
[2020-05-19 05:50:12] sql.INFO: [3.4] insert into `subscription` (`target_id`, `target_type`, `action`, `user_id`, `updated_at`, `created_at`) values ('1', 'order', 'settled', '1', '2020-05-19 05:50:12', '2020-05-19 05:50:12') [] []
[2020-05-19 05:50:12] sql.INFO: [0.77] insert into `notify` (`content`, `type`, `target_id`, `target_type`, `action`, `sender_id`, `sender_type`, `is_read`, `user_id`, `updated_at`, `created_at`) values ('用户1点赞了用户2的文章1', 'remind', '1', 'topic', 'like', '1', 'user', '0', '125', '2020-05-19 05:50:12', '2020-05-19 05:50:12') [] []
[2020-05-19 05:52:18] sql.INFO: [2.37] insert into `subscription` (`target_id`, `target_type`, `action`, `user_id`, `updated_at`, `created_at`) values ('1', 'order', 'settled', '1', '2020-05-19 05:52:18', '2020-05-19 05:52:18') [] []
[2020-05-19 05:52:18] sql.INFO: [1.98] insert into `notify` (`content`, `type`, `target_id`, `target_type`, `action`, `sender_id`, `sender_type`, `is_read`, `user_id`, `updated_at`, `created_at`) values ('用户1点赞了用户2的文章1', 'remind', '1', 'topic', 'like', '1', 'user', '0', '125', '2020-05-19 05:52:18', '2020-05-19 05:52:18') [] []
[2020-05-19 05:56:20] sql.INFO: [4.69] insert into `subscription` (`target_id`, `target_type`, `action`, `user_id`, `updated_at`, `created_at`) values ('1', 'order', 'settled', '1', '2020-05-19 05:56:20', '2020-05-19 05:56:20') [] []
[2020-05-19 05:56:20] sql.INFO: [1.28] insert into `notify` (`content`, `type`, `target_id`, `target_type`, `action`, `sender_id`, `sender_type`, `is_read`, `user_id`, `updated_at`, `created_at`) values ('用户1点赞了用户2的文章1', 'remind', '1', 'topic', 'like', '1', 'user', '0', '125', '2020-05-19 05:56:20', '2020-05-19 05:56:20') [] []
[2020-05-19 05:56:20] sql.INFO: [12.28] select * from `subscription` where `target_id` = '2' [] []
[2020-05-19 05:57:32] sql.INFO: [4.31] insert into `subscription` (`target_id`, `target_type`, `action`, `user_id`, `updated_at`, `created_at`) values ('1', 'order', 'settled', '1', '2020-05-19 05:57:32', '2020-05-19 05:57:32') [] []
[2020-05-19 05:57:32] sql.INFO: [2.97] insert into `notify` (`content`, `type`, `target_id`, `target_type`, `action`, `sender_id`, `sender_type`, `is_read`, `user_id`, `updated_at`, `created_at`) values ('用户1点赞了用户2的文章1', 'remind', '1', 'topic', 'like', '1', 'user', '0', '125', '2020-05-19 05:57:32', '2020-05-19 05:57:32') [] []
[2020-05-19 05:57:32] sql.INFO: [6.17] select * from `subscription` where `target_id` = '2' [] []
[2020-05-19 08:28:42] sql.INFO: [12.36] insert into `subscription` (`target_id`, `target_type`, `action`, `user_id`, `updated_at`, `created_at`) values ('1', 'order', 'settled', '1', '2020-05-19 08:28:42', '2020-05-19 08:28:42') [] []
[2020-05-19 08:28:42] sql.INFO: [2.44] insert into `notify` (`content`, `type`, `target_id`, `target_type`, `action`, `sender_id`, `sender_type`, `is_read`, `user_id`, `updated_at`, `created_at`) values ('用户1点赞了用户2的文章1', 'remind', '1', 'topic', 'like', '1', 'user', '0', '125', '2020-05-19 08:28:42', '2020-05-19 08:28:42') [] []
[2020-05-19 08:28:42] sql.INFO: [24.11] select * from `subscription` where `target_id` = '2' [] []
[2020-05-19 08:29:25] sql.INFO: [1.61] insert into `subscription` (`target_id`, `target_type`, `action`, `user_id`, `updated_at`, `created_at`) values ('1', 'order', 'settled', '1', '2020-05-19 08:29:25', '2020-05-19 08:29:25') [] []
[2020-05-19 08:29:25] sql.INFO: [1.41] insert into `notify` (`content`, `type`, `target_id`, `target_type`, `action`, `sender_id`, `sender_type`, `is_read`, `user_id`, `updated_at`, `created_at`) values ('用户1点赞了用户2的文章1', 'remind', '1', 'topic', 'like', '1', 'user', '0', '125', '2020-05-19 08:29:25', '2020-05-19 08:29:25') [] []
[2020-05-19 08:29:25] sql.INFO: [0.58] select * from `subscription` where `target_id` = '2' [] []
[2020-05-19 08:30:58] sql.INFO: [6.26] insert into `subscription` (`target_id`, `target_type`, `action`, `user_id`, `updated_at`, `created_at`) values ('1', 'order', 'settled', '1', '2020-05-19 08:30:58', '2020-05-19 08:30:58') [] []
[2020-05-19 08:30:58] sql.INFO: [0.77] insert into `notify` (`content`, `type`, `target_id`, `target_type`, `action`, `sender_id`, `sender_type`, `is_read`, `user_id`, `updated_at`, `created_at`) values ('用户1点赞了用户2的文章1', 'remind', '1', 'topic', 'like', '1', 'user', '0', '125', '2020-05-19 08:30:58', '2020-05-19 08:30:58') [] []
[2020-05-19 08:30:58] sql.INFO: [4.45] select * from `subscription` where `target_id` = '2' [] []
[2020-05-19 08:31:29] sql.INFO: [1.48] insert into `subscription` (`target_id`, `target_type`, `action`, `user_id`, `updated_at`, `created_at`) values ('1', 'order', 'settled', '1', '2020-05-19 08:31:29', '2020-05-19 08:31:29') [] []
[2020-05-19 08:31:29] sql.INFO: [5.42] insert into `notify` (`content`, `type`, `target_id`, `target_type`, `action`, `sender_id`, `sender_type`, `is_read`, `user_id`, `updated_at`, `created_at`) values ('用户1点赞了用户2的文章1', 'remind', '1', 'topic', 'like', '1', 'user', '0', '125', '2020-05-19 08:31:29', '2020-05-19 08:31:29') [] []
[2020-05-19 08:31:29] sql.INFO: [25] select * from `subscription` where `target_id` = '2' [] []
[2020-05-19 08:34:37] sql.INFO: [9.81] insert into `subscription` (`target_id`, `target_type`, `action`, `user_id`, `updated_at`, `created_at`) values ('1', 'order', 'settled', '1', '2020-05-19 08:34:37', '2020-05-19 08:34:37') [] []
[2020-05-19 08:34:37] sql.INFO: [0.74] insert into `notify` (`content`, `type`, `target_id`, `target_type`, `action`, `sender_id`, `sender_type`, `is_read`, `user_id`, `updated_at`, `created_at`) values ('用户1点赞了用户2的文章1', 'remind', '1', 'topic', 'like', '1', 'user', '0', '125', '2020-05-19 08:34:37', '2020-05-19 08:34:37') [] []
[2020-05-19 08:34:38] sql.INFO: [16.95] select * from `subscription` where `target_id` = '2' [] []
[2020-05-19 08:44:38] sql.INFO: [3.19] insert into `subscription` (`target_id`, `target_type`, `action`, `user_id`, `updated_at`, `created_at`) values ('1', 'order', 'settled', '1', '2020-05-19 08:44:38', '2020-05-19 08:44:38') [] []
[2020-05-19 08:44:38] sql.INFO: [1.49] insert into `notify` (`content`, `type`, `target_id`, `target_type`, `action`, `sender_id`, `sender_type`, `is_read`, `user_id`, `updated_at`, `created_at`) values ('用户1点赞了用户2的文章1', 'remind', '1', 'topic', 'like', '1', 'user', '0', '125', '2020-05-19 08:44:38', '2020-05-19 08:44:38') [] []
[2020-05-19 08:44:39] sql.INFO: [28.71] select * from `subscription` where `target_id` = '2' [] []
[2020-05-19 08:46:48] sql.INFO: [1.63] insert into `subscription` (`target_id`, `target_type`, `action`, `user_id`, `updated_at`, `created_at`) values ('1', 'order', 'settled', '1', '2020-05-19 08:46:48', '2020-05-19 08:46:48') [] []
[2020-05-19 08:46:48] sql.INFO: [0.77] insert into `notify` (`content`, `type`, `target_id`, `target_type`, `action`, `sender_id`, `sender_type`, `is_read`, `user_id`, `updated_at`, `created_at`) values ('用户1点赞了用户2的文章1', 'remind', '1', 'topic', 'like', '1', 'user', '0', '125', '2020-05-19 08:46:48', '2020-05-19 08:46:48') [] []
[2020-05-19 08:46:48] sql.INFO: [34.74] select * from `subscription` where `target_id` = '2' [] []
[2020-05-19 08:48:57] sql.INFO: [1.55] insert into `subscription` (`target_id`, `target_type`, `action`, `user_id`, `updated_at`, `created_at`) values ('1', 'order', 'settled', '1', '2020-05-19 08:48:57', '2020-05-19 08:48:57') [] []
[2020-05-19 08:48:57] sql.INFO: [0.66] insert into `notify` (`content`, `type`, `target_id`, `target_type`, `action`, `sender_id`, `sender_type`, `is_read`, `user_id`, `updated_at`, `created_at`) values ('用户1点赞了用户2的文章1', 'remind', '1', 'topic', 'like', '1', 'user', '0', '125', '2020-05-19 08:48:57', '2020-05-19 08:48:57') [] []
[2020-05-19 08:48:57] sql.INFO: [14.57] select * from `subscription` where `target_id` = '2' [] []
[2020-05-19 08:49:43] sql.INFO: [1.03] insert into `subscription` (`target_id`, `target_type`, `action`, `user_id`, `updated_at`, `created_at`) values ('1', 'order', 'settled', '1', '2020-05-19 08:49:43', '2020-05-19 08:49:43') [] []
[2020-05-19 08:49:43] sql.INFO: [0.52] insert into `notify` (`content`, `type`, `target_id`, `target_type`, `action`, `sender_id`, `sender_type`, `is_read`, `user_id`, `updated_at`, `created_at`) values ('用户1点赞了用户2的文章1', 'remind', '1', 'topic', 'like', '1', 'user', '0', '125', '2020-05-19 08:49:43', '2020-05-19 08:49:43') [] []
[2020-05-19 08:49:43] sql.INFO: [0.42] select * from `subscription` where `target_id` = '2' [] []
[2020-05-19 09:04:38] sql.INFO: [4.29] insert into `subscription` (`target_id`, `target_type`, `action`, `user_id`, `updated_at`, `created_at`) values ('1', 'order', 'settled', '1', '2020-05-19 09:04:38', '2020-05-19 09:04:38') [] []
[2020-05-19 09:04:38] sql.INFO: [1.28] insert into `notify` (`content`, `type`, `target_id`, `target_type`, `action`, `sender_id`, `sender_type`, `is_read`, `user_id`, `updated_at`, `created_at`) values ('用户1点赞了用户2的文章1', 'remind', '1', 'topic', 'like', '1', 'user', '0', '125', '2020-05-19 09:04:38', '2020-05-19 09:04:38') [] []
[2020-05-19 09:04:38] sql.INFO: [23.55] select * from `subscription` where `target_id` = '2' [] []
[2020-05-19 09:13:53] sql.INFO: [1.62] insert into `subscription` (`target_id`, `target_type`, `action`, `user_id`, `updated_at`, `created_at`) values ('1', 'order', 'settled', '1', '2020-05-19 09:13:53', '2020-05-19 09:13:53') [] []
[2020-05-19 09:13:53] sql.INFO: [1.38] insert into `notify` (`content`, `type`, `target_id`, `target_type`, `action`, `sender_id`, `sender_type`, `is_read`, `user_id`, `updated_at`, `created_at`) values ('用户1点赞了用户2的文章1', 'remind', '1', 'topic', 'like', '1', 'user', '0', '125', '2020-05-19 09:13:53', '2020-05-19 09:13:53') [] []
[2020-05-19 09:13:53] sql.INFO: [10.49] select * from `subscription` where `target_id` = '2' [] []
[2020-05-19 09:22:26] sql.INFO: [3.03] insert into `subscription` (`target_id`, `target_type`, `action`, `user_id`, `updated_at`, `created_at`) values ('1', 'order', 'settled', '1', '2020-05-19 09:22:26', '2020-05-19 09:22:26') [] []
[2020-05-19 09:22:26] sql.INFO: [0.61] insert into `notify` (`content`, `type`, `target_id`, `target_type`, `action`, `sender_id`, `sender_type`, `is_read`, `user_id`, `updated_at`, `created_at`) values ('用户1点赞了用户2的文章1', 'remind', '1', 'topic', 'like', '1', 'user', '0', '125', '2020-05-19 09:22:26', '2020-05-19 09:22:26') [] []
[2020-05-19 09:22:26] sql.INFO: [2.52] select * from `subscription` where `target_id` = '2' [] []
[2020-05-19 09:25:01] sql.INFO: [2.56] insert into `subscription` (`target_id`, `target_type`, `action`, `user_id`, `updated_at`, `created_at`) values ('1', 'order', 'settled', '276', '2020-05-19 09:25:01', '2020-05-19 09:25:01') [] []
[2020-05-19 09:25:01] sql.INFO: [0.64] insert into `notify` (`content`, `type`, `target_id`, `target_type`, `action`, `sender_id`, `sender_type`, `is_read`, `user_id`, `updated_at`, `created_at`) values ('用户1点赞了用户2的文章1', 'remind', '1', 'topic', 'like', '1', 'user', '0', '125', '2020-05-19 09:25:01', '2020-05-19 09:25:01') [] []
[2020-05-19 09:25:01] sql.INFO: [27.83] select * from `subscription` where `target_id` = '2' [] []
[2020-05-19 09:26:23] sql.INFO: [1.56] insert into `subscription` (`target_id`, `target_type`, `action`, `user_id`, `updated_at`, `created_at`) values ('1', 'order', 'settled', '276', '2020-05-19 09:26:23', '2020-05-19 09:26:23') [] []
[2020-05-19 09:26:23] sql.INFO: [0.84] insert into `notify` (`content`, `type`, `target_id`, `target_type`, `action`, `sender_id`, `sender_type`, `is_read`, `user_id`, `updated_at`, `created_at`) values ('用户1点赞了用户2的文章1', 'remind', '1', 'topic', 'like', '1', 'user', '0', '125', '2020-05-19 09:26:23', '2020-05-19 09:26:23') [] []
[2020-05-19 09:26:23] sql.INFO: [8.51] select * from `subscription` where `target_id` = '2' [] []
[2020-05-19 09:27:08] sql.INFO: [1.81] insert into `subscription` (`target_id`, `target_type`, `action`, `user_id`, `updated_at`, `created_at`) values ('1', 'order', 'settled', '276', '2020-05-19 09:27:08', '2020-05-19 09:27:08') [] []
[2020-05-19 09:27:08] sql.INFO: [0.56] insert into `notify` (`content`, `type`, `target_id`, `target_type`, `action`, `sender_id`, `sender_type`, `is_read`, `user_id`, `updated_at`, `created_at`) values ('用户1点赞了用户2的文章1', 'remind', '1', 'topic', 'like', '1', 'user', '0', '125', '2020-05-19 09:27:08', '2020-05-19 09:27:08') [] []
[2020-05-19 09:27:08] sql.INFO: [1.81] select * from `subscription` where `target_id` = '2' [] []
[2020-05-19 09:29:29] sql.INFO: [1.47] insert into `subscription` (`target_id`, `target_type`, `action`, `user_id`, `updated_at`, `created_at`) values ('1', 'order', 'settled', '276', '2020-05-19 09:29:29', '2020-05-19 09:29:29') [] []
[2020-05-19 09:29:29] sql.INFO: [0.63] insert into `notify` (`content`, `type`, `target_id`, `target_type`, `action`, `sender_id`, `sender_type`, `is_read`, `user_id`, `updated_at`, `created_at`) values ('用户1点赞了用户2的文章1', 'remind', '1', 'topic', 'like', '1', 'user', '0', '125', '2020-05-19 09:29:29', '2020-05-19 09:29:29') [] []
[2020-05-19 09:29:29] sql.INFO: [5.35] select * from `subscription` where `target_id` = '2' [] []
[2020-05-20 02:16:11] sql.INFO: [72.61] select count(*) as aggregate from `topic` [] []
[2020-05-20 02:16:11] sql.INFO: [1.17] select * from `topic` limit 20 offset 0 [] []
[2020-05-20 02:52:34] sql.INFO: [7.97] select count(*) as aggregate from `topic` [] []
[2020-05-20 02:52:34] sql.INFO: [0.48] select * from `topic` limit 20 offset 0 [] []
[2020-05-20 02:53:44] sql.INFO: [3.27] select count(*) as aggregate from `topic` [] []
[2020-05-20 02:53:44] sql.INFO: [0.42] select * from `topic` limit 20 offset 0 [] []
[2020-05-20 02:53:46] sql.INFO: [0.56] select count(*) as aggregate from `topic` [] []
[2020-05-20 02:53:46] sql.INFO: [1.19] select * from `topic` limit 20 offset 0 [] []
[2020-05-21 07:44:02] sql.INFO: [73.59] select * from `subscription` where (`user_id` = '276' and `user_type` = 'user' and `target_id` = '1') limit 1 [] []
[2020-05-21 07:44:02] sql.INFO: [4.18] select * from `subscription_type` where `subscription_type`.`id` = '2' limit 1 [] []
[2020-05-21 07:44:02] sql.INFO: [14.24] select * from `subscription` where (`type` = 'topic' and `type_id` = '2') [] []
[2020-05-21 07:49:19] sql.INFO: [14.4] select * from `subscription` where (`user_id` = '276' and `user_type` = 'user' and `target_id` = '1') limit 1 [] []
[2020-05-21 07:49:19] sql.INFO: [4.17] select * from `subscription_type` where `subscription_type`.`id` = '2' limit 1 [] []
[2020-05-21 07:49:20] sql.INFO: [11.32] select * from `subscription` where (`type` = 'topic' and `type_id` = '2') [] []
[2020-05-21 07:55:03] sql.INFO: [1.19] select * from `subscription` where (`user_id` = '276' and `user_type` = 'user' and `target_id` = '1') limit 1 [] []
[2020-05-21 07:55:03] sql.INFO: [3.92] select * from `subscription_type` where `subscription_type`.`id` = '2' limit 1 [] []
[2020-05-21 07:55:03] sql.INFO: [5.7] select * from `subscription` where (`type` = 'topic' and `type_id` = '2') [] []
[2020-05-21 07:58:23] sql.INFO: [22.35] select * from `subscription` where (`user_id` = '276' and `user_type` = 'user' and `target_id` = '1') limit 1 [] []
[2020-05-21 07:58:23] sql.INFO: [3.35] select * from `subscription_type` where `subscription_type`.`id` = '2' limit 1 [] []
[2020-05-21 07:58:23] sql.INFO: [2.23] select * from `subscription` where (`type` = 'topic' and `type_id` = '2') [] []
[2020-05-21 07:59:32] sql.INFO: [19.65] select * from `subscription` where (`user_id` = '276' and `user_type` = 'user' and `target_id` = '1') limit 1 [] []
[2020-05-21 07:59:32] sql.INFO: [3] select * from `subscription_type` where `subscription_type`.`id` = '2' limit 1 [] []
[2020-05-21 08:00:49] sql.INFO: [10.5] select * from `subscription` where (`user_id` = '276' and `user_type` = 'user' and `target_id` = '1') limit 1 [] []
[2020-05-21 08:00:49] sql.INFO: [2.59] insert into `subscription` (`target_id`, `user_id`, `type_id`, `user_type`, `type`, `updated_at`, `created_at`) values ('1', '276', '2', 'user', 'event', '2020-05-21 08:00:49', '2020-05-21 08:00:49') [] []
[2020-05-21 08:00:49] sql.INFO: [2.16] select * from `subscription_type` where `subscription_type`.`id` = '2' limit 1 [] []
[2020-05-21 08:06:42] sql.INFO: [15.88] select * from `subscription_type` where `subscription_type`.`id` = '2' limit 1 [] []
[2020-05-21 08:06:42] sql.INFO: [1.91] select * from `subscription` where (`user_id` = '276' and `user_type` = 'user' and `target_id` = '1') limit 1 [] []
[2020-05-21 08:06:42] sql.INFO: [4.74] insert into `subscription` (`target_id`, `user_id`, `type_id`, `user_type`, `type`, `updated_at`, `created_at`) values ('1', '276', '2', 'user', 'event', '2020-05-21 08:06:42', '2020-05-21 08:06:42') [] []
[2020-05-21 08:06:43] sql.INFO: [20.24] select * from `subscription` where (`type` = 'topic' and `type_id` = '2') [] []
[2020-05-21 08:08:49] sql.INFO: [6.55] select * from `subscription_type` where `subscription_type`.`id` = '2' limit 1 [] []
[2020-05-21 08:08:49] sql.INFO: [1.07] select * from `subscription` where (`user_id` = '276' and `user_type` = 'user' and `target_id` = '1') limit 1 [] []
[2020-05-21 08:08:49] sql.INFO: [2] insert into `subscription` (`target_id`, `user_id`, `type_id`, `user_type`, `type`, `updated_at`, `created_at`) values ('1', '276', '2', 'user', 'event', '2020-05-21 08:08:49', '2020-05-21 08:08:49') [] []
[2020-05-21 08:08:49] sql.INFO: [6.86] select * from `subscription` where (`type` = 'topic' and `type_id` = '2') [] []
[2020-05-21 08:09:00] sql.INFO: [0.53] select * from `subscription_type` where `subscription_type`.`id` = '2' limit 1 [] []
[2020-05-21 08:09:00] sql.INFO: [8.51] select * from `subscription` where (`user_id` = '276' and `user_type` = 'user' and `target_id` = '1') limit 1 [] []
[2020-05-21 08:09:00] sql.INFO: [1.3] select * from `subscription` where (`type` = 'topic' and `type_id` = '2') [] []
[2020-05-21 08:11:07] sql.INFO: [24.81] select * from `subscription_type` where `subscription_type`.`id` = '2' limit 1 [] []
[2020-05-21 08:11:07] sql.INFO: [2.26] select * from `subscription` where (`user_id` = '276' and `user_type` = 'user' and `target_id` = '1') limit 1 [] []
[2020-05-21 08:11:07] sql.INFO: [1.43] insert into `subscription` (`target_id`, `user_id`, `type_id`, `user_type`, `type`, `updated_at`, `created_at`) values ('1', '276', '2', 'user', 'event', '2020-05-21 08:11:07', '2020-05-21 08:11:07') [] []
[2020-05-21 08:11:08] sql.INFO: [3.88] select * from `subscription` where (`type` = 'topic' and `type_id` = '2') [] []
[2020-05-21 08:13:48] sql.INFO: [17.4] select * from `subscription_type` where `subscription_type`.`id` = '2' limit 1 [] []
[2020-05-21 08:13:48] sql.INFO: [2.42] select * from `subscription` where (`user_id` = '276' and `user_type` = 'user' and `target_id` = '1') limit 1 [] []
[2020-05-21 08:13:48] sql.INFO: [10.55] insert into `subscription` (`target_id`, `user_id`, `type_id`, `user_type`, `type`, `updated_at`, `created_at`) values ('1', '276', '2', 'user', 'event', '2020-05-21 08:13:48', '2020-05-21 08:13:48') [] []
[2020-05-21 08:13:48] sql.INFO: [6.62] select * from `subscription` where (`type` = 'topic' and `type_id` = '2') [] []
[2020-05-21 08:14:47] sql.INFO: [15.53] select * from `subscription_type` where `subscription_type`.`id` = '2' limit 1 [] []
[2020-05-21 08:14:47] sql.INFO: [6.7] select * from `subscription` where (`user_id` = '276' and `user_type` = 'user' and `target_id` = '1') limit 1 [] []
[2020-05-21 08:14:48] sql.INFO: [4.54] select * from `subscription` where (`type` = 'topic' and `type_id` = '2') [] []
[2020-05-21 08:34:25] sql.INFO: [2.77] select * from `subscription_type` where `subscription_type`.`id` = '2' limit 1 [] []
[2020-05-21 08:34:25] sql.INFO: [0.42] select * from `subscription` where (`user_id` = '276' and `user_type` = 'user' and `target_id` = '1' and `type_id` = '1') limit 1 [] []
[2020-05-21 08:34:25] sql.INFO: [3.25] insert into `subscription` (`target_id`, `user_id`, `type_id`, `user_type`, `type`, `updated_at`, `created_at`) values ('1', '276', '1', 'user', 'event', '2020-05-21 08:34:25', '2020-05-21 08:34:25') [] []
[2020-05-21 08:34:26] sql.INFO: [4.27] select * from `subscription` where (`type` = 'topic' and `type_id` = '2') [] []
[2020-05-21 08:36:02] sql.INFO: [12.39] select * from `subscription_type` where `subscription_type`.`id` = '2' limit 1 [] []
[2020-05-21 08:36:02] sql.INFO: [11.83] select * from `subscription` where (`user_id` = '276' and `user_type` = 'user' and `target_id` = '1' and `type_id` = '1') limit 1 [] []
[2020-05-21 08:36:03] sql.INFO: [18.83] insert into `subscription` (`target_id`, `user_id`, `type_id`, `user_type`, `type`, `updated_at`, `created_at`) values ('1', '276', '1', 'user', 'event', '2020-05-21 08:36:03', '2020-05-21 08:36:03') [] []
[2020-05-21 08:36:03] sql.INFO: [2.88] select * from `subscription` where (`type` = 'topic' and `type_id` = '2') [] []
[2020-05-21 08:36:21] sql.INFO: [57.16] select * from `subscription_type` where `subscription_type`.`id` = '2' limit 1 [] []
[2020-05-21 08:36:21] sql.INFO: [0.82] select * from `subscription` where (`user_id` = '276' and `user_type` = 'user' and `target_id` = '1' and `type_id` = '1') limit 1 [] []
[2020-05-21 08:36:22] sql.INFO: [0.53] select * from `subscription` where (`type` = 'topic' and `type_id` = '2') [] []
[2020-05-21 08:36:33] sql.INFO: [1.15] select * from `subscription_type` where `subscription_type`.`id` = '3' limit 1 [] []
[2020-05-21 08:36:33] sql.INFO: [2.65] select * from `subscription` where (`type` = 'topic' and `type_id` = '3') [] []
[2020-05-21 08:38:56] sql.INFO: [5.18] select * from `subscription_type` where `subscription_type`.`id` = '3' limit 1 [] []
[2020-05-21 08:38:57] sql.INFO: [86.16] select * from `subscription` where (`type` = 'topic' and `type_id` = '3') [] []
[2020-05-21 09:05:21] sql.INFO: [43.87] select * from `subscription_type` where `subscription_type`.`id` = '2' limit 1 [] []
[2020-05-21 09:05:21] sql.INFO: [1.7] select * from `subscription` where (`user_id` = '276' and `user_type` = 'user' and `target_id` = '1' and `type_id` = '1') limit 1 [] []
[2020-05-21 09:05:21] sql.INFO: [5.04] insert into `subscription` (`target_id`, `user_id`, `type_id`, `user_type`, `type`, `updated_at`, `created_at`) values ('1', '276', '1', 'user', 'event', '2020-05-21 09:05:21', '2020-05-21 09:05:21') [] []
[2020-05-21 09:05:21] sql.INFO: [10.55] select * from `subscription` where (`type` = 'topic' and `type_id` = '2') [] []
[2020-05-21 09:05:37] sql.INFO: [2.5] select * from `subscription_type` where `subscription_type`.`id` = '3' limit 1 [] []
[2020-05-21 09:05:38] sql.INFO: [0.62] select * from `subscription` where (`type` = 'topic' and `type_id` = '3') [] []
[2020-05-21 09:07:56] sql.INFO: [12.36] select * from `subscription_type` where `subscription_type`.`id` = '2' limit 1 [] []
[2020-05-21 09:07:56] sql.INFO: [0.68] select * from `subscription` where (`user_id` = '276' and `user_type` = 'user' and `target_id` = '1' and `type_id` = '1') limit 1 [] []
[2020-05-21 09:07:56] sql.INFO: [1.92] insert into `subscription` (`target_id`, `user_id`, `type_id`, `user_type`, `type`, `updated_at`, `created_at`) values ('1', '276', '1', 'user', 'event', '2020-05-21 09:07:56', '2020-05-21 09:07:56') [] []
[2020-05-21 09:07:56] sql.INFO: [10.65] select * from `subscription` where (`type` = 'topic' and `type_id` = '2') [] []
[2020-05-21 09:08:18] sql.INFO: [1] select * from `subscription_type` where `subscription_type`.`id` = '3' limit 1 [] []
[2020-05-21 09:08:18] sql.INFO: [0.71] select * from `subscription` where (`type` = 'topic' and `type_id` = '3') [] []
[2020-05-21 10:25:41] sql.INFO: [16.87] select * from `subscription_type` where `subscription_type`.`id` = '2' limit 1 [] []
[2020-05-21 10:25:41] sql.INFO: [1.86] select * from `subscription` where (`user_id` = '276' and `user_type` = 'user' and `target_id` = '1' and `type_id` = '1') limit 1 [] []
[2020-05-21 10:25:41] sql.INFO: [2.96] select * from `subscription` where (`type` = 'topic' and `type_id` = '2') and `relational` like ',2,' [] []
[2020-05-21 10:25:42] sql.INFO: [9.07] select * from `subscription` where (`type` = 'event' and `user_id` = '276' and `user_type` = 'user' and `target_id` = '1') limit 1 [] []
[2020-05-21 10:27:27] sql.INFO: [22.21] select * from `subscription_type` where `subscription_type`.`id` = '2' limit 1 [] []
[2020-05-21 10:27:27] sql.INFO: [1.04] select * from `subscription` where (`user_id` = '276' and `user_type` = 'user' and `target_id` = '1' and `type_id` = '1') limit 1 [] []
[2020-05-21 10:27:27] sql.INFO: [2.73] select * from `subscription` where (`type` = 'event' and `user_id` = '276' and `user_type` = 'user' and `target_id` = '1') limit 1 [] []
[2020-05-21 10:27:27] sql.INFO: [2.27] select * from `subscription` where (`type` = 'topic') and `relational` like ',2,' [] []
[2020-05-21 10:28:57] sql.INFO: [6.03] select * from `subscription_type` where `subscription_type`.`id` = '2' limit 1 [] []
[2020-05-21 10:28:57] sql.INFO: [3.83] select * from `subscription` where (`user_id` = '276' and `user_type` = 'user' and `target_id` = '1' and `type_id` = '1') limit 1 [] []
[2020-05-21 10:28:58] sql.INFO: [3.99] select * from `subscription` where (`type` = 'topic') and `relational` like '%,2,%' [] []
[2020-05-21 10:28:58] sql.INFO: [10.9] select * from `subscription` where (`type` = 'event' and `user_id` = '276' and `user_type` = 'user' and `target_id` = '1') limit 1 [] []
[2020-05-21 10:29:11] sql.INFO: [0.89] select * from `subscription_type` where `subscription_type`.`id` = '3' limit 1 [] []
[2020-05-21 10:29:11] sql.INFO: [0.81] select * from `subscription` where (`type` = 'event' and `user_id` = '276' and `user_type` = 'user' and `target_id` = '1') limit 1 [] []
[2020-05-21 10:29:11] sql.INFO: [2.2] select * from `subscription` where (`type` = 'topic') and `relational` like '%,3,%' [] []
[2020-05-21 10:29:25] sql.INFO: [1.72] select * from `subscription_type` where `subscription_type`.`id` = '4' limit 1 [] []
[2020-05-21 10:29:25] sql.INFO: [17.79] select * from `subscription` where (`user_id` = '276' and `user_type` = 'user' and `target_id` = '1' and `type_id` = '1') limit 1 [] []
[2020-05-21 10:29:25] sql.INFO: [1.26] select * from `subscription` where (`type` = 'topic') and `relational` like '%,4,%' [] []
[2020-05-21 10:29:25] sql.INFO: [3.07] select * from `subscription` where (`type` = 'event' and `user_id` = '276' and `user_type` = 'user' and `target_id` = '1') limit 1 [] []
[2020-05-21 10:30:45] sql.INFO: [16.52] select * from `subscription_type` where `subscription_type`.`id` = '2' limit 1 [] []
[2020-05-21 10:30:45] sql.INFO: [4.17] select * from `subscription` where (`user_id` = '276' and `user_type` = 'user' and `target_id` = '1' and `type_id` = '1') limit 1 [] []
[2020-05-21 10:30:45] sql.INFO: [4.04] select * from `subscription` where (`type` = 'topic') and `relational` like '%,2,%' [] []
[2020-05-21 10:30:45] sql.INFO: [1.55] select * from `subscription` where (`type` = 'event' and `user_id` = '276' and `user_type` = 'user' and `target_id` = '1') limit 1 [] []
[2020-05-21 10:31:11] sql.INFO: [7.32] select * from `subscription_type` where `subscription_type`.`id` = '2' limit 1 [] []
[2020-05-21 10:31:11] sql.INFO: [10.12] select * from `subscription` where (`user_id` = '276' and `user_type` = 'user' and `target_id` = '1' and `type_id` = '1') limit 1 [] []
[2020-05-21 10:31:11] sql.INFO: [1.21] select * from `subscription` where (`type` = 'event' and `user_id` = '276' and `user_type` = 'user' and `target_id` = '1') limit 1 [] []
[2020-05-21 10:31:11] sql.INFO: [2.03] select * from `subscription` where (`type` = 'topic') and `relational` like '%,2,%' [] []
[2020-05-21 10:31:47] sql.INFO: [2.21] select * from `subscription_type` where `subscription_type`.`id` = '3' limit 1 [] []
[2020-05-21 10:31:47] sql.INFO: [0.75] select * from `subscription` where (`type` = 'topic') and `relational` like '%,3,%' [] []
[2020-05-21 10:31:47] sql.INFO: [0.64] select * from `subscription` where (`type` = 'event' and `user_id` = '276' and `user_type` = 'user' and `target_id` = '1') limit 1 [] []
[2020-05-21 10:32:08] sql.INFO: [1.36] select * from `subscription_type` where `subscription_type`.`id` = '4' limit 1 [] []
[2020-05-21 10:32:08] sql.INFO: [2] select * from `subscription` where (`user_id` = '276' and `user_type` = 'user' and `target_id` = '1' and `type_id` = '1') limit 1 [] []
[2020-05-21 10:32:08] sql.INFO: [3.67] select * from `subscription` where (`type` = 'event' and `user_id` = '276' and `user_type` = 'user' and `target_id` = '1') limit 1 [] []
[2020-05-21 10:32:08] sql.INFO: [1.19] select * from `subscription` where (`type` = 'topic') and `relational` like '%,4,%' [] []
[2020-05-21 10:36:20] sql.INFO: [7.04] select * from `subscription_type` where `subscription_type`.`id` = '2' limit 1 [] []
[2020-05-21 10:36:20] sql.INFO: [4.45] select * from `subscription` where (`user_id` = '276' and `user_type` = 'user' and `target_id` = '1' and `type_id` = '1') limit 1 [] []
[2020-05-21 10:36:20] sql.INFO: [1.96] select * from `subscription` where (`type` = 'event' and `user_id` = '276' and `user_type` = 'user' and `target_id` = '1') limit 1 [] []
[2020-05-21 10:36:20] sql.INFO: [2.63] select * from `subscription` where (`type` = 'topic') and `relational` like '%,2,%' [] []
[2020-05-21 10:36:48] sql.INFO: [28.44] select * from `subscription_type` where `subscription_type`.`id` = '2' limit 1 [] []
[2020-05-21 10:36:48] sql.INFO: [3.5] select * from `subscription` where (`user_id` = '276' and `user_type` = 'user' and `target_id` = '1' and `type_id` = '1') limit 1 [] []
[2020-05-21 10:36:48] sql.INFO: [0.51] select * from `subscription` where (`type` = 'topic') and `relational` like '%,2,%' [] []
[2020-05-21 10:36:48] sql.INFO: [0.47] select * from `subscription` where (`type` = 'event' and `user_id` = '276' and `user_type` = 'user' and `target_id` = '1') limit 1 [] []
[2020-05-21 10:41:24] sql.INFO: [10.92] select * from `subscription_type` where `subscription_type`.`id` = '2' limit 1 [] []
[2020-05-21 10:41:24] sql.INFO: [0.95] select * from `subscription` where (`user_id` = '276' and `user_type` = 'user' and `target_id` = '1' and `type_id` = '1') limit 1 [] []
[2020-05-21 10:41:24] sql.INFO: [6.67] select * from `subscription` where (`type` = 'topic') and `relational` like '%,2,%' [] []
[2020-05-21 10:41:24] sql.INFO: [20.31] select * from `subscription` where (`type` = 'event' and `user_id` = '276' and `user_type` = 'user' and `target_id` = '1') limit 1 [] []
[2020-05-22 05:23:49] sql.INFO: [8.99] select * from `subscription_type` where `subscription_type`.`id` = '2' limit 1 [] []
[2020-05-22 05:23:49] sql.INFO: [0.74] select * from `subscription` where (`user_id` = '276' and `user_type` = 'user' and `target_id` = '1' and `type_id` = '1') limit 1 [] []
[2020-05-22 05:23:49] sql.INFO: [11.94] select * from `subscription` where (`type` = 'event' and `user_id` = '276' and `user_type` = 'user' and `target_id` = '1') limit 1 [] []
[2020-05-22 05:23:49] sql.INFO: [3.98] select * from `subscription` where (`type` = 'topic') and `relational` like '%,2,%' [] []
[2020-05-22 05:26:03] sql.INFO: [54.45] select * from `subscription_type` where `subscription_type`.`id` = '2' limit 1 [] []
[2020-05-22 05:26:03] sql.INFO: [2.85] select * from `subscription` where (`user_id` = '276' and `user_type` = 'user' and `target_id` = '1' and `type_id` = '1') limit 1 [] []
[2020-05-22 05:26:03] sql.INFO: [2.39] select * from `subscription` where (`type` = 'topic') and `relational` like '%,2,%' [] []
[2020-05-22 05:26:03] sql.INFO: [2.41] select * from `subscription` where (`type` = 'event' and `user_id` = '276' and `user_type` = 'user' and `target_id` = '1') limit 1 [] []
[2020-05-22 08:15:16] sql.INFO: [23.81] select * from `subscription_type` where `subscription_type`.`id` = '2' limit 1 [] []
[2020-05-22 08:15:16] sql.INFO: [0.93] select * from `subscription` where (`user_id` = '276' and `user_type` = 'user' and `target_id` = '1' and `type_id` = '1') limit 1 [] []
[2020-05-22 08:15:16] sql.INFO: [7.43] select * from `subscription` where (`type` = 'topic') and `relational` like '%,2,%' [] []
[2020-05-22 08:15:16] sql.INFO: [4.21] select `template_id` from `template_config` where (`type_id` = '2' and `user_type` = 'admin') limit 1 [] []
[2020-05-22 08:15:16] sql.INFO: [3.85] select * from `subscription` where (`type` = 'event' and `user_id` = '276' and `user_type` = 'user' and `target_id` = '1') limit 1 [] []
[2020-05-22 08:15:16] sql.INFO: [1.56] select `template_id` from `template_config` where (`type_id` = '2' and `user_type` = 'user') limit 1 [] []
[2020-05-22 08:15:16] sql.INFO: [1.75] select * from `template` where `template`.`id` = '1' limit 1 [] []
[2020-05-22 08:15:16] sql.INFO: [0.58] select * from `template` where `template`.`id` = '1' limit 1 [] []
[2020-05-22 08:18:06] sql.INFO: [54.04] select * from `subscription_type` where `subscription_type`.`id` = '2' limit 1 [] []
[2020-05-22 08:18:06] sql.INFO: [3.34] select * from `subscription` where (`user_id` = '276' and `user_type` = 'user' and `target_id` = '1' and `type_id` = '1') limit 1 [] []
[2020-05-22 08:18:06] sql.INFO: [22.3] select * from `subscription` where (`type` = 'topic') and `relational` like '%,2,%' [] []
[2020-05-22 08:18:06] sql.INFO: [14.33] select * from `subscription` where (`type` = 'event' and `user_id` = '276' and `user_type` = 'user' and `target_id` = '1') limit 1 [] []
[2020-05-22 08:18:06] sql.INFO: [2.35] select `template_id` from `template_config` where (`type_id` = '2' and `user_type` = 'admin') limit 1 [] []
[2020-05-22 08:18:06] sql.INFO: [4] select `template_id` from `template_config` where (`type_id` = '2' and `user_type` = 'user') limit 1 [] []
[2020-05-22 08:18:06] sql.INFO: [0.9] select * from `template` where `template`.`id` = '1' limit 1 [] []
[2020-05-22 08:18:06] sql.INFO: [2.26] select * from `template` where `template`.`id` = '1' limit 1 [] []
[2020-05-22 08:19:33] sql.INFO: [9.76] select * from `subscription_type` where `subscription_type`.`id` = '2' limit 1 [] []
[2020-05-22 08:19:33] sql.INFO: [3.75] select * from `subscription` where (`user_id` = '276' and `user_type` = 'user' and `target_id` = '1' and `type_id` = '1') limit 1 [] []
[2020-05-22 08:19:33] sql.INFO: [13.43] select * from `subscription` where (`type` = 'topic') and `relational` like '%,2,%' [] []
[2020-05-22 08:19:33] sql.INFO: [1.51] select `template_id` from `template_config` where (`type_id` = '2' and `user_type` = 'admin') limit 1 [] []
[2020-05-22 08:19:33] sql.INFO: [1.48] select * from `template` where `template`.`id` = '1' limit 1 [] []
[2020-05-22 08:19:33] sql.INFO: [9.04] select * from `subscription` where (`type` = 'event' and `user_id` = '276' and `user_type` = 'user' and `target_id` = '1') limit 1 [] []
[2020-05-22 08:19:33] sql.INFO: [0.68] select `template_id` from `template_config` where (`type_id` = '2' and `user_type` = 'user') limit 1 [] []
[2020-05-22 08:19:33] sql.INFO: [0.34] select * from `template` where `template`.`id` = '1' limit 1 [] []
[2020-05-22 08:21:33] sql.INFO: [28.3] select * from `subscription_type` where `subscription_type`.`id` = '2' limit 1 [] []
[2020-05-22 08:21:33] sql.INFO: [7.99] select * from `subscription` where (`user_id` = '276' and `user_type` = 'user' and `target_id` = '1' and `type_id` = '1') limit 1 [] []
[2020-05-22 08:21:33] sql.INFO: [12.06] select * from `subscription` where (`type` = 'topic') and `relational` like '%,2,%' [] []
[2020-05-22 08:21:33] sql.INFO: [1.29] select `template_id` from `template_config` where (`type_id` = '2' and `user_type` = 'admin') limit 1 [] []
[2020-05-22 08:21:33] sql.INFO: [0.86] select * from `template` where `template`.`id` = '1' limit 1 [] []
[2020-05-22 08:21:33] sql.INFO: [3.48] select * from `subscription` where (`type` = 'event' and `user_id` = '276' and `user_type` = 'user' and `target_id` = '1') limit 1 [] []
[2020-05-22 08:21:33] sql.INFO: [1.97] select `template_id` from `template_config` where (`type_id` = '2' and `user_type` = 'user') limit 1 [] []
[2020-05-22 08:21:33] sql.INFO: [2.26] select * from `template` where `template`.`id` = '1' limit 1 [] []
[2020-05-22 08:23:44] sql.INFO: [30.31] select * from `subscription_type` where `subscription_type`.`id` = '2' limit 1 [] []
[2020-05-22 08:23:44] sql.INFO: [11.89] select * from `subscription` where (`user_id` = '276' and `user_type` = 'user' and `target_id` = '1' and `type_id` = '1') limit 1 [] []
[2020-05-22 08:23:44] sql.INFO: [10.43] select * from `subscription` where (`type` = 'topic') and `relational` like '%,2,%' [] []
[2020-05-22 08:23:44] sql.INFO: [1.64] select `template_id` from `template_config` where (`type_id` = '2' and `user_type` = 'admin') limit 1 [] []
[2020-05-22 08:23:44] sql.INFO: [1.97] select * from `template` where `template`.`id` = '1' limit 1 [] []
[2020-05-22 08:23:44] sql.INFO: [15.99] select * from `subscription` where (`type` = 'event' and `user_id` = '276' and `user_type` = 'user' and `target_id` = '1') limit 1 [] []
[2020-05-22 08:23:44] sql.INFO: [1.95] select `template_id` from `template_config` where (`type_id` = '2' and `user_type` = 'user') limit 1 [] []
[2020-05-22 08:23:44] sql.INFO: [5.2] select * from `template` where `template`.`id` = '1' limit 1 [] []
[2020-05-22 08:25:47] sql.INFO: [23.75] select * from `subscription_type` where `subscription_type`.`id` = '2' limit 1 [] []
[2020-05-22 08:25:47] sql.INFO: [7.87] select * from `subscription` where (`user_id` = '276' and `user_type` = 'user' and `target_id` = '1' and `type_id` = '1') limit 1 [] []
[2020-05-22 08:25:47] sql.INFO: [8.69] select * from `subscription` where (`type` = 'event' and `user_id` = '276' and `user_type` = 'user' and `target_id` = '1') limit 1 [] []
[2020-05-22 08:25:47] sql.INFO: [5.36] select `template_id` from `template_config` where (`type_id` = '2' and `user_type` = 'user') limit 1 [] []
[2020-05-22 08:25:47] sql.INFO: [7.5] select * from `template` where `template`.`id` = '1' limit 1 [] []
[2020-05-22 08:25:47] sql.INFO: [5.36] select * from `subscription` where (`type` = 'topic') and `relational` like '%,2,%' [] []
[2020-05-22 08:25:47] sql.INFO: [0.44] select `template_id` from `template_config` where (`type_id` = '2' and `user_type` = 'admin') limit 1 [] []
[2020-05-22 08:25:47] sql.INFO: [0.49] select * from `template` where `template`.`id` = '1' limit 1 [] []
[2020-05-22 08:25:47] sql.INFO: [6.16] insert into `notify` (`type`, `type_id`, `content`, `target_id`, `sender_id`, `sender_type`, `receiver_id`, `receiver_type`, `updated_at`, `created_at`) values ('topic', '2', '您的验证码是#code#。如非本人操作，请忽略本短信', '1', '276', 'user', '276', 'user', '2020-05-22 08:25:47', '2020-05-22 08:25:47') [] []
[2020-05-22 08:25:48] sql.INFO: [6.31] insert into `notify` (`type`, `type_id`, `content`, `target_id`, `sender_id`, `sender_type`, `receiver_id`, `receiver_type`, `updated_at`, `created_at`) values ('remind', '2', '您的验证码是#code#。如非本人操作，请忽略本短信', '1', '276', 'user', '276', 'user', '2020-05-22 08:25:47', '2020-05-22 08:25:47') [] []
[2020-05-22 08:26:19] sql.INFO: [4.56] select * from `subscription_type` where `subscription_type`.`id` = '2' limit 1 [] []
[2020-05-22 08:26:19] sql.INFO: [11.42] select * from `subscription` where (`user_id` = '276' and `user_type` = 'user' and `target_id` = '1' and `type_id` = '1') limit 1 [] []
[2020-05-22 08:26:20] sql.INFO: [5.1] select * from `subscription` where (`type` = 'topic') and `relational` like '%,2,%' [] []
[2020-05-22 08:26:20] sql.INFO: [2.4] select `template_id` from `template_config` where (`type_id` = '2' and `user_type` = 'admin') limit 1 [] []
[2020-05-22 08:26:20] sql.INFO: [0.61] select * from `template` where `template`.`id` = '1' limit 1 [] []
[2020-05-22 08:26:20] sql.INFO: [1.16] select * from `subscription` where (`type` = 'event' and `user_id` = '276' and `user_type` = 'user' and `target_id` = '1') limit 1 [] []
[2020-05-22 08:26:20] sql.INFO: [0.38] select `template_id` from `template_config` where (`type_id` = '2' and `user_type` = 'user') limit 1 [] []
[2020-05-22 08:26:20] sql.INFO: [0.48] select * from `template` where `template`.`id` = '1' limit 1 [] []
[2020-05-22 08:26:20] sql.INFO: [2.27] insert into `notify` (`type`, `type_id`, `content`, `target_id`, `sender_id`, `sender_type`, `receiver_id`, `receiver_type`, `updated_at`, `created_at`) values ('remind', '2', '您的验证码是#code#。如非本人操作，请忽略本短信', '1', '276', 'user', '276', 'user', '2020-05-22 08:26:20', '2020-05-22 08:26:20') [] []
[2020-05-22 08:29:08] sql.INFO: [5.11] select * from `subscription_type` where `subscription_type`.`id` = '3' limit 1 [] []
[2020-05-22 08:29:08] sql.INFO: [12.97] select * from `subscription` where (`type` = 'event' and `user_id` = '0' and `user_type` = 'user' and `target_id` = '1') limit 1 [] []
[2020-05-22 08:29:08] sql.INFO: [21.25] select * from `subscription` where (`type` = 'topic') and `relational` like '%,3,%' [] []
[2020-05-22 08:29:41] sql.INFO: [1.04] select * from `subscription_type` where `subscription_type`.`id` = '2' limit 1 [] []
[2020-05-22 08:29:41] sql.INFO: [0.57] select * from `subscription` where (`user_id` = '276' and `user_type` = 'user' and `target_id` = '1' and `type_id` = '1') limit 1 [] []
[2020-05-22 08:29:41] sql.INFO: [1.6] select * from `subscription` where (`type` = 'event' and `user_id` = '276' and `user_type` = 'user' and `target_id` = '1') limit 1 [] []
[2020-05-22 08:29:41] sql.INFO: [20.67] select `template_id` from `template_config` where (`type_id` = '2' and `user_type` = 'user') limit 1 [] []
[2020-05-22 08:29:41] sql.INFO: [0.77] select * from `template` where `template`.`id` = '1' limit 1 [] []
[2020-05-22 08:29:41] sql.INFO: [0.7] select * from `subscription` where (`type` = 'topic') and `relational` like '%,2,%' [] []
[2020-05-22 08:29:41] sql.INFO: [1.67] select `template_id` from `template_config` where (`type_id` = '2' and `user_type` = 'admin') limit 1 [] []
[2020-05-22 08:29:41] sql.INFO: [2.33] select * from `template` where `template`.`id` = '1' limit 1 [] []
[2020-05-22 08:29:41] sql.INFO: [6.18] insert into `notify` (`type`, `type_id`, `content`, `target_id`, `sender_id`, `sender_type`, `receiver_id`, `receiver_type`, `updated_at`, `created_at`) values ('remind', '2', '您的验证码是123。如非本人操作，请忽略本短信', '1', '276', 'user', '276', 'user', '2020-05-22 08:29:41', '2020-05-22 08:29:41') [] []
[2020-05-22 10:33:16] sql.INFO: [8.48] select `notify`.`id`, `notify`.`content`, `notify`.`type`, `notify`.`type_id`, `notify`.`target_id`, `notify`.`receiver_id`, `notify`.`receiver_type`, `notify`.`sender_id`, `notify`.`sender_type`, `notify`.`is_read` from `notify` limit 20 offset 1 [] []
[2020-05-22 10:35:53] sql.INFO: [1.96] select `notify`.`id`, `notify`.`content`, `notify`.`type`, `notify`.`type_id`, `notify`.`target_id`, `notify`.`receiver_id`, `notify`.`receiver_type`, `notify`.`sender_id`, `notify`.`sender_type`, `notify`.`is_read` from `notify` limit 20 offset 1 [] []
[2020-05-22 10:36:32] sql.INFO: [7.78] select `notify`.`id`, `notify`.`content`, `notify`.`type`, `notify`.`type_id`, `notify`.`target_id`, `notify`.`receiver_id`, `notify`.`receiver_type`, `notify`.`sender_id`, `notify`.`sender_type`, `notify`.`is_read` from `notify` limit 20 offset 1 [] []
[2020-05-22 10:36:33] sql.INFO: [1.18] select `notify`.`id`, `notify`.`content`, `notify`.`type`, `notify`.`type_id`, `notify`.`target_id`, `notify`.`receiver_id`, `notify`.`receiver_type`, `notify`.`sender_id`, `notify`.`sender_type`, `notify`.`is_read` from `notify` limit 20 offset 1 [] []
[2020-05-22 10:36:35] sql.INFO: [10.62] select `notify`.`id`, `notify`.`content`, `notify`.`type`, `notify`.`type_id`, `notify`.`target_id`, `notify`.`receiver_id`, `notify`.`receiver_type`, `notify`.`sender_id`, `notify`.`sender_type`, `notify`.`is_read` from `notify` limit 20 offset 1 [] []
[2020-05-22 10:37:08] sql.INFO: [2.41] select `notify`.`id`, `notify`.`content`, `notify`.`type`, `notify`.`type_id`, `notify`.`target_id`, `notify`.`receiver_id`, `notify`.`receiver_type`, `notify`.`sender_id`, `notify`.`sender_type`, `notify`.`is_read` from `notify` limit 20 offset 1 [] []
[2020-05-22 10:46:20] sql.INFO: [4.97] select count(*) as aggregate from `notify` [] []
[2020-05-22 10:46:20] sql.INFO: [0.53] select `notify`.`id`, `notify`.`content`, `notify`.`type`, `notify`.`type_id`, `notify`.`target_id`, `notify`.`receiver_id`, `notify`.`receiver_type`, `notify`.`sender_id`, `notify`.`sender_type`, `notify`.`is_read` from `notify` limit 1 offset 0 [] []
[2020-05-22 10:46:40] sql.INFO: [2.64] select count(*) as aggregate from `notify` [] []
[2020-05-22 10:46:40] sql.INFO: [0.43] select `notify`.`id`, `notify`.`content`, `notify`.`type`, `notify`.`type_id`, `notify`.`target_id`, `notify`.`receiver_id`, `notify`.`receiver_type`, `notify`.`sender_id`, `notify`.`sender_type`, `notify`.`is_read` from `notify` limit 1 offset 0 [] []
[2020-05-22 10:46:42] sql.INFO: [0.5] select count(*) as aggregate from `notify` [] []
[2020-05-22 10:46:42] sql.INFO: [0.48] select `notify`.`id`, `notify`.`content`, `notify`.`type`, `notify`.`type_id`, `notify`.`target_id`, `notify`.`receiver_id`, `notify`.`receiver_type`, `notify`.`sender_id`, `notify`.`sender_type`, `notify`.`is_read` from `notify` limit 1 offset 0 [] []
[2020-05-23 01:54:31] sql.INFO: [13.19] select count(*) as aggregate from `notify` [] []
[2020-05-23 01:54:31] sql.INFO: [0.45] select `notify`.`id`, `notify`.`content`, `notify`.`type`, `notify`.`type_id`, `notify`.`target_id`, `notify`.`receiver_id`, `notify`.`receiver_type`, `notify`.`sender_id`, `notify`.`sender_type`, `notify`.`is_read` from `notify` limit 1 offset 0 [] []
[2020-05-23 01:55:27] sql.INFO: [1.99] select count(*) as aggregate from `notify` [] []
[2020-05-23 01:55:27] sql.INFO: [0.63] select * from `notify` limit 1 offset 0 [] []
[2020-05-23 01:55:49] sql.INFO: [3.79] select count(*) as aggregate from `notify` [] []
[2020-05-23 01:55:49] sql.INFO: [0.55] select * from `notify` limit 1 offset 1 [] []
[2020-05-23 01:58:36] sql.INFO: [5.69] select count(*) as aggregate from `notify` [] []
[2020-05-23 01:58:36] sql.INFO: [0.49] select `notify`.`id`, `notify`.`content`, `notify`.`type`, `notify`.`type_id`, `notify`.`target_id`, `notify`.`receiver_id`, `notify`.`receiver_type`, `notify`.`sender_id`, `notify`.`sender_type`, `notify`.`is_read` from `notify` limit 20 offset 0 [] []
[2020-05-23 02:15:11] sql.INFO: [2.59] select * from `subscription_type` where `subscription_type`.`id` = '8' limit 1 [] []
[2020-05-23 02:15:11] sql.INFO: [2.26] select count(*) as aggregate from `notify` where `notify`.`receiver_id` = '276' and `notify`.`receiver_type` = 'user' [] []
[2020-05-23 02:15:11] sql.INFO: [0.79] select `notify`.`id`, `notify`.`content`, `notify`.`type`, `notify`.`type_id`, `notify`.`target_id`, `notify`.`receiver_id`, `notify`.`receiver_type`, `notify`.`sender_id`, `notify`.`sender_type`, `notify`.`is_read` from `notify` where `notify`.`receiver_id` = '276' and `notify`.`receiver_type` = 'user' order by `notify`.`id` desc limit 10 offset 0 [] []
[2020-05-23 02:15:11] sql.INFO: [4.58] update `notify` set `is_read` = '1', `notify`.`updated_at` = '2020-05-23 02:15:11' where `id` = '71' [] []
[2020-05-23 02:15:11] sql.INFO: [0.58] update `notify` set `is_read` = '1', `notify`.`updated_at` = '2020-05-23 02:15:11' where `id` = '70' [] []
[2020-05-23 02:15:11] sql.INFO: [0.62] update `notify` set `is_read` = '1', `notify`.`updated_at` = '2020-05-23 02:15:11' where `id` = '69' [] []
[2020-05-23 02:15:11] sql.INFO: [1.15] update `notify` set `is_read` = '1', `notify`.`updated_at` = '2020-05-23 02:15:11' where `id` = '68' [] []
[2020-05-23 02:16:01] sql.INFO: [0.63] select * from `subscription_type` where `subscription_type`.`id` = '8' limit 1 [] []
[2020-05-23 02:16:01] sql.INFO: [0.4] select count(*) as aggregate from `notify` where `notify`.`receiver_id` = '276' and `notify`.`receiver_type` = 'user' [] []
[2020-05-23 02:16:01] sql.INFO: [0.42] select `notify`.`id`, `notify`.`content`, `notify`.`type`, `notify`.`type_id`, `notify`.`target_id`, `notify`.`receiver_id`, `notify`.`receiver_type`, `notify`.`sender_id`, `notify`.`sender_type`, `notify`.`is_read` from `notify` where `notify`.`receiver_id` = '276' and `notify`.`receiver_type` = 'user' order by `notify`.`id` desc limit 10 offset 0 [] []
[2020-05-23 02:16:01] sql.INFO: [1.4] update `notify` set `is_read` = '1', `notify`.`updated_at` = '2020-05-23 02:16:01' where `id` = '71' [] []
[2020-05-23 02:16:01] sql.INFO: [0.5] update `notify` set `is_read` = '1', `notify`.`updated_at` = '2020-05-23 02:16:01' where `id` = '70' [] []
[2020-05-23 02:16:01] sql.INFO: [0.52] update `notify` set `is_read` = '1', `notify`.`updated_at` = '2020-05-23 02:16:01' where `id` = '69' [] []
[2020-05-23 02:16:01] sql.INFO: [0.56] update `notify` set `is_read` = '1', `notify`.`updated_at` = '2020-05-23 02:16:01' where `id` = '68' [] []
